<?xml version="1.0" encoding="UTF-8"?>
<!-- Generated by org.testng.reporters.JUnitXMLReporter -->
<testsuite ignored="2" hostname="DESKTOP-GARLJAI" failures="1" tests="2" name="Test1" time="16.86" errors="0" timestamp="2023-03-27T22:08:18 IST">
  <testcase classname="testpackage.LoginTestClass" name="verifyLoginPageWithInvalidCredentials" time="1.795"/>
  <testcase classname="testpackage.LoginTestClass" name="VerifyLoginPageWithValidCredentials" time="1.813">
    <failure type="java.lang.AssertionError" message="did not expect [https://opensource-demo.orangehrmlive.com/web/index.php/dashboard/index] but found [https://opensource-demo.orangehrmlive.com/web/index.php/dashboard/index]">
      <![CDATA[java.lang.AssertionError: did not expect [https://opensource-demo.orangehrmlive.com/web/index.php/dashboard/index] but found [https://opensource-demo.orangehrmlive.com/web/index.php/dashboard/index]
at testpackage.LoginTestClass.VerifyLoginPageWithValidCredentials(LoginTestClass.java:58)
at java.base/java.util.ArrayList.forEach(ArrayList.java:1511)
... Removed 30 stack frames]]>
    </failure>
  </testcase> <!-- VerifyLoginPageWithValidCredentials -->
  <testcase classname="testpackage.BaseClass" name="@BeforeTest Test" time="0.0">
    <ignored/>
  </testcase> <!-- @BeforeTest Test -->
  <testcase classname="testpackage.BaseClass" name="@AfterTest aftertest" time="0.0">
    <ignored/>
  </testcase> <!-- @AfterTest aftertest -->
</testsuite> <!-- Test1 -->
