<?xml version="1.0" encoding="UTF-8"?>
<!-- Generated by org.testng.reporters.JUnitXMLReporter -->
<testsuite ignored="2" hostname="DESKTOP-GARLJAI" failures="1" tests="2" name="Test" time="8.293" errors="0" timestamp="2023-03-22T16:07:03 IST">
  <testcase classname="testpackage.BaseClass" name="@AfterMethod aftermethod" time="0.014">
    <failure type="java.lang.NullPointerException" message="Cannot invoke &amp;quot;org.openqa.selenium.TakesScreenshot.getScreenshotAs(org.openqa.selenium.OutputType)&amp;quot; because &amp;quot;t&amp;quot; is null">
      <![CDATA[java.lang.NullPointerException: Cannot invoke "org.openqa.selenium.TakesScreenshot.getScreenshotAs(org.openqa.selenium.OutputType)" because "t" is null
at testutilities.TakeScreenShot.takeSS(TakeScreenShot.java:19)
at testpackage.BaseClass.aftermethod(BaseClass.java:31)
at java.base/java.util.ArrayList.forEach(ArrayList.java:1511)
... Removed 30 stack frames]]>
    </failure>
  </testcase> <!-- @AfterMethod aftermethod -->
  <testcase classname="testpackage.LoginTestClass" name="@BeforeMethod initialisingLoginObject" time="0.0">
    <skipped/>
  </testcase> <!-- @BeforeMethod initialisingLoginObject -->
  <testcase classname="testpackage.BaseClass" name="@AfterMethod aftermethod" time="0.0">
    <skipped/>
  </testcase> <!-- @AfterMethod aftermethod -->
  <testcase classname="testpackage.BaseClass" name="@AfterTest aftertest" time="0.0">
    <skipped/>
  </testcase> <!-- @AfterTest aftertest -->
  <testcase classname="testpackage.LoginTestClass" name="verifyLoginPageWithInvalidCredentials" time="0.014">
    <failure type="java.lang.NullPointerException" message="Cannot invoke &amp;quot;org.openqa.selenium.SearchContext.findElement(org.openqa.selenium.By)&amp;quot; because &amp;quot;this.searchContext&amp;quot; is null">
      <![CDATA[java.lang.NullPointerException: Cannot invoke "org.openqa.selenium.SearchContext.findElement(org.openqa.selenium.By)" because "this.searchContext" is null
at org.openqa.selenium.support.pagefactory.DefaultElementLocator.findElement(DefaultElementLocator.java:70)
at org.openqa.selenium.support.pagefactory.internal.LocatingElementHandler.invoke(LocatingElementHandler.java:39)
at jdk.proxy2/jdk.proxy2.$Proxy19.sendKeys(Unknown Source)
at pomclass.LoginPage.enterUsername(LoginPage.java:30)
at testpackage.LoginTestClass.verifyLoginPageWithInvalidCredentials(LoginTestClass.java:23)
at java.base/java.util.ArrayList.forEach(ArrayList.java:1511)
... Removed 25 stack frames]]>
    </failure>
  </testcase> <!-- verifyLoginPageWithInvalidCredentials -->
  <testcase classname="testpackage.LoginTestClass" name="VerifyLoginPageWithValidCredentials" time="0.0">
    <skipped/>
  </testcase> <!-- VerifyLoginPageWithValidCredentials -->
  <testcase classname="testpackage.BaseClass" name="@AfterTest aftertest" time="0.0">
    <ignored/>
  </testcase> <!-- @AfterTest aftertest -->
  <testcase classname="testpackage.BaseClass" name="@BeforeTest Test" time="0.0">
    <ignored/>
  </testcase> <!-- @BeforeTest Test -->
</testsuite> <!-- Test -->
